CRITICAL - 2021-05-12 17:24:01 --> Call to undefined method CodeIgniter\HTTP\Files\UploadedFile::getRandonName()
#0 C:\xampp\htdocs\hello-world\vendor\codeigniter4\framework\system\CodeIgniter.php(936): App\Controllers\TaskController->addTask()
#1 C:\xampp\htdocs\hello-world\vendor\codeigniter4\framework\system\CodeIgniter.php(432): CodeIgniter\CodeIgniter->runController(Object(App\Controllers\TaskController))
#2 C:\xampp\htdocs\hello-world\vendor\codeigniter4\framework\system\CodeIgniter.php(333): CodeIgniter\CodeIgniter->handleRequest(NULL, Object(Config\Cache), false)
#3 C:\xampp\htdocs\hello-world\public\index.php(44): CodeIgniter\CodeIgniter->run()
#4 {main}
CRITICAL - 2021-05-12 17:28:25 --> Call to undefined method CodeIgniter\HTTP\Files\UploadedFile::getRandonName()
#0 C:\xampp\htdocs\hello-world\vendor\codeigniter4\framework\system\CodeIgniter.php(936): App\Controllers\TaskController->addTask()
#1 C:\xampp\htdocs\hello-world\vendor\codeigniter4\framework\system\CodeIgniter.php(432): CodeIgniter\CodeIgniter->runController(Object(App\Controllers\TaskController))
#2 C:\xampp\htdocs\hello-world\vendor\codeigniter4\framework\system\CodeIgniter.php(333): CodeIgniter\CodeIgniter->handleRequest(NULL, Object(Config\Cache), false)
#3 C:\xampp\htdocs\hello-world\public\index.php(44): CodeIgniter\CodeIgniter->run()
#4 {main}
CRITICAL - 2021-05-12 17:32:14 --> Call to undefined method CodeIgniter\HTTP\Files\UploadedFile::getRandonName()
#0 C:\xampp\htdocs\hello-world\vendor\codeigniter4\framework\system\CodeIgniter.php(936): App\Controllers\TaskController->addTask()
#1 C:\xampp\htdocs\hello-world\vendor\codeigniter4\framework\system\CodeIgniter.php(432): CodeIgniter\CodeIgniter->runController(Object(App\Controllers\TaskController))
#2 C:\xampp\htdocs\hello-world\vendor\codeigniter4\framework\system\CodeIgniter.php(333): CodeIgniter\CodeIgniter->handleRequest(NULL, Object(Config\Cache), false)
#3 C:\xampp\htdocs\hello-world\public\index.php(44): CodeIgniter\CodeIgniter->run()
#4 {main}
CRITICAL - 2021-05-12 17:34:38 --> Call to undefined method CodeIgniter\HTTP\Files\UploadedFile::getRandonName()
#0 C:\xampp\htdocs\hello-world\vendor\codeigniter4\framework\system\CodeIgniter.php(936): App\Controllers\TaskController->addTask()
#1 C:\xampp\htdocs\hello-world\vendor\codeigniter4\framework\system\CodeIgniter.php(432): CodeIgniter\CodeIgniter->runController(Object(App\Controllers\TaskController))
#2 C:\xampp\htdocs\hello-world\vendor\codeigniter4\framework\system\CodeIgniter.php(333): CodeIgniter\CodeIgniter->handleRequest(NULL, Object(Config\Cache), false)
#3 C:\xampp\htdocs\hello-world\public\index.php(44): CodeIgniter\CodeIgniter->run()
#4 {main}
CRITICAL - 2021-05-12 17:41:22 --> Call to undefined method CodeIgniter\HTTP\Files\UploadedFile::getRandonName()
#0 C:\xampp\htdocs\hello-world\vendor\codeigniter4\framework\system\CodeIgniter.php(936): App\Controllers\TaskController->addTask()
#1 C:\xampp\htdocs\hello-world\vendor\codeigniter4\framework\system\CodeIgniter.php(432): CodeIgniter\CodeIgniter->runController(Object(App\Controllers\TaskController))
#2 C:\xampp\htdocs\hello-world\vendor\codeigniter4\framework\system\CodeIgniter.php(333): CodeIgniter\CodeIgniter->handleRequest(NULL, Object(Config\Cache), false)
#3 C:\xampp\htdocs\hello-world\public\index.php(44): CodeIgniter\CodeIgniter->run()
#4 {main}
CRITICAL - 2021-05-12 17:44:42 --> Call to undefined method CodeIgniter\HTTP\Files\UploadedFile::getRandonName()
#0 C:\xampp\htdocs\hello-world\vendor\codeigniter4\framework\system\CodeIgniter.php(936): App\Controllers\TaskController->addTask()
#1 C:\xampp\htdocs\hello-world\vendor\codeigniter4\framework\system\CodeIgniter.php(432): CodeIgniter\CodeIgniter->runController(Object(App\Controllers\TaskController))
#2 C:\xampp\htdocs\hello-world\vendor\codeigniter4\framework\system\CodeIgniter.php(333): CodeIgniter\CodeIgniter->handleRequest(NULL, Object(Config\Cache), false)
#3 C:\xampp\htdocs\hello-world\public\index.php(44): CodeIgniter\CodeIgniter->run()
#4 {main}
CRITICAL - 2021-05-12 17:46:17 --> Call to undefined method CodeIgniter\HTTP\Files\UploadedFile::getRandonName()
#0 C:\xampp\htdocs\hello-world\vendor\codeigniter4\framework\system\CodeIgniter.php(936): App\Controllers\TaskController->addTask()
#1 C:\xampp\htdocs\hello-world\vendor\codeigniter4\framework\system\CodeIgniter.php(432): CodeIgniter\CodeIgniter->runController(Object(App\Controllers\TaskController))
#2 C:\xampp\htdocs\hello-world\vendor\codeigniter4\framework\system\CodeIgniter.php(333): CodeIgniter\CodeIgniter->handleRequest(NULL, Object(Config\Cache), false)
#3 C:\xampp\htdocs\hello-world\public\index.php(44): CodeIgniter\CodeIgniter->run()
#4 {main}
CRITICAL - 2021-05-12 18:04:01 --> Call to undefined method CodeIgniter\HTTP\Files\UploadedFile::getRandonName()
#0 C:\xampp\htdocs\hello-world\vendor\codeigniter4\framework\system\CodeIgniter.php(936): App\Controllers\TaskController->addTask()
#1 C:\xampp\htdocs\hello-world\vendor\codeigniter4\framework\system\CodeIgniter.php(432): CodeIgniter\CodeIgniter->runController(Object(App\Controllers\TaskController))
#2 C:\xampp\htdocs\hello-world\vendor\codeigniter4\framework\system\CodeIgniter.php(333): CodeIgniter\CodeIgniter->handleRequest(NULL, Object(Config\Cache), false)
#3 C:\xampp\htdocs\hello-world\public\index.php(44): CodeIgniter\CodeIgniter->run()
#4 {main}
CRITICAL - 2021-05-12 18:04:32 --> Call to undefined method CodeIgniter\HTTP\Files\UploadedFile::getRandonName()
#0 C:\xampp\htdocs\hello-world\vendor\codeigniter4\framework\system\CodeIgniter.php(936): App\Controllers\TaskController->addTask()
#1 C:\xampp\htdocs\hello-world\vendor\codeigniter4\framework\system\CodeIgniter.php(432): CodeIgniter\CodeIgniter->runController(Object(App\Controllers\TaskController))
#2 C:\xampp\htdocs\hello-world\vendor\codeigniter4\framework\system\CodeIgniter.php(333): CodeIgniter\CodeIgniter->handleRequest(NULL, Object(Config\Cache), false)
#3 C:\xampp\htdocs\hello-world\public\index.php(44): CodeIgniter\CodeIgniter->run()
#4 {main}
CRITICAL - 2021-05-12 18:05:50 --> Call to undefined method CodeIgniter\HTTP\Files\UploadedFile::getRandonName()
#0 C:\xampp\htdocs\hello-world\vendor\codeigniter4\framework\system\CodeIgniter.php(936): App\Controllers\TaskController->addTask()
#1 C:\xampp\htdocs\hello-world\vendor\codeigniter4\framework\system\CodeIgniter.php(432): CodeIgniter\CodeIgniter->runController(Object(App\Controllers\TaskController))
#2 C:\xampp\htdocs\hello-world\vendor\codeigniter4\framework\system\CodeIgniter.php(333): CodeIgniter\CodeIgniter->handleRequest(NULL, Object(Config\Cache), false)
#3 C:\xampp\htdocs\hello-world\public\index.php(44): CodeIgniter\CodeIgniter->run()
#4 {main}
CRITICAL - 2021-05-12 18:07:03 --> Call to undefined method CodeIgniter\HTTP\Files\UploadedFile::getRandonName()
#0 C:\xampp\htdocs\hello-world\vendor\codeigniter4\framework\system\CodeIgniter.php(936): App\Controllers\TaskController->addTask()
#1 C:\xampp\htdocs\hello-world\vendor\codeigniter4\framework\system\CodeIgniter.php(432): CodeIgniter\CodeIgniter->runController(Object(App\Controllers\TaskController))
#2 C:\xampp\htdocs\hello-world\vendor\codeigniter4\framework\system\CodeIgniter.php(333): CodeIgniter\CodeIgniter->handleRequest(NULL, Object(Config\Cache), false)
#3 C:\xampp\htdocs\hello-world\public\index.php(44): CodeIgniter\CodeIgniter->run()
#4 {main}
CRITICAL - 2021-05-12 18:09:17 --> Call to undefined method CodeIgniter\HTTP\Files\UploadedFile::getRandonName()
#0 C:\xampp\htdocs\hello-world\vendor\codeigniter4\framework\system\CodeIgniter.php(936): App\Controllers\TaskController->addTask()
#1 C:\xampp\htdocs\hello-world\vendor\codeigniter4\framework\system\CodeIgniter.php(432): CodeIgniter\CodeIgniter->runController(Object(App\Controllers\TaskController))
#2 C:\xampp\htdocs\hello-world\vendor\codeigniter4\framework\system\CodeIgniter.php(333): CodeIgniter\CodeIgniter->handleRequest(NULL, Object(Config\Cache), false)
#3 C:\xampp\htdocs\hello-world\public\index.php(44): CodeIgniter\CodeIgniter->run()
#4 {main}
CRITICAL - 2021-05-12 18:11:00 --> Call to undefined method CodeIgniter\HTTP\Files\UploadedFile::getRandonName()
#0 C:\xampp\htdocs\hello-world\vendor\codeigniter4\framework\system\CodeIgniter.php(936): App\Controllers\TaskController->addTask()
#1 C:\xampp\htdocs\hello-world\vendor\codeigniter4\framework\system\CodeIgniter.php(432): CodeIgniter\CodeIgniter->runController(Object(App\Controllers\TaskController))
#2 C:\xampp\htdocs\hello-world\vendor\codeigniter4\framework\system\CodeIgniter.php(333): CodeIgniter\CodeIgniter->handleRequest(NULL, Object(Config\Cache), false)
#3 C:\xampp\htdocs\hello-world\public\index.php(44): CodeIgniter\CodeIgniter->run()
#4 {main}
CRITICAL - 2021-05-12 18:17:22 --> Call to undefined method CodeIgniter\HTTP\Files\UploadedFile::getRandonName()
#0 C:\xampp\htdocs\hello-world\vendor\codeigniter4\framework\system\CodeIgniter.php(936): App\Controllers\TaskController->addTask()
#1 C:\xampp\htdocs\hello-world\vendor\codeigniter4\framework\system\CodeIgniter.php(432): CodeIgniter\CodeIgniter->runController(Object(App\Controllers\TaskController))
#2 C:\xampp\htdocs\hello-world\vendor\codeigniter4\framework\system\CodeIgniter.php(333): CodeIgniter\CodeIgniter->handleRequest(NULL, Object(Config\Cache), false)
#3 C:\xampp\htdocs\hello-world\public\index.php(44): CodeIgniter\CodeIgniter->run()
#4 {main}
