ERROR - 2021-05-05 18:02:02 --> Error connecting to the database: Unknown database 'taskapp'
CRITICAL - 2021-05-05 18:02:02 --> Unable to connect to the database.
#0 C:\xampp\htdocs\hello-world\vendor\codeigniter4\framework\system\Database\BaseConnection.php(618): CodeIgniter\Database\BaseConnection->initialize()
#1 C:\xampp\htdocs\hello-world\app\Models\TaskModel.php(16): CodeIgniter\Database\BaseConnection->query('SELECT * FROM t...')
#2 C:\xampp\htdocs\hello-world\app\Controllers\TaskController.php(10): App\Models\TaskModel->readTasks()
#3 C:\xampp\htdocs\hello-world\vendor\codeigniter4\framework\system\CodeIgniter.php(936): App\Controllers\TaskController->index()
#4 C:\xampp\htdocs\hello-world\vendor\codeigniter4\framework\system\CodeIgniter.php(432): CodeIgniter\CodeIgniter->runController(Object(App\Controllers\TaskController))
#5 C:\xampp\htdocs\hello-world\vendor\codeigniter4\framework\system\CodeIgniter.php(333): CodeIgniter\CodeIgniter->handleRequest(NULL, Object(Config\Cache), false)
#6 C:\xampp\htdocs\hello-world\public\index.php(44): CodeIgniter\CodeIgniter->run()
#7 {main}
ERROR - 2021-05-05 18:02:46 --> Error connecting to the database: Unknown database 'taskapp'
CRITICAL - 2021-05-05 18:02:46 --> Unable to connect to the database.
#0 C:\xampp\htdocs\hello-world\vendor\codeigniter4\framework\system\Database\BaseConnection.php(618): CodeIgniter\Database\BaseConnection->initialize()
#1 C:\xampp\htdocs\hello-world\app\Models\TaskModel.php(16): CodeIgniter\Database\BaseConnection->query('SELECT * FROM t...')
#2 C:\xampp\htdocs\hello-world\app\Controllers\TaskController.php(10): App\Models\TaskModel->readTasks()
#3 C:\xampp\htdocs\hello-world\vendor\codeigniter4\framework\system\CodeIgniter.php(936): App\Controllers\TaskController->index()
#4 C:\xampp\htdocs\hello-world\vendor\codeigniter4\framework\system\CodeIgniter.php(432): CodeIgniter\CodeIgniter->runController(Object(App\Controllers\TaskController))
#5 C:\xampp\htdocs\hello-world\vendor\codeigniter4\framework\system\CodeIgniter.php(333): CodeIgniter\CodeIgniter->handleRequest(NULL, Object(Config\Cache), false)
#6 C:\xampp\htdocs\hello-world\public\index.php(44): CodeIgniter\CodeIgniter->run()
#7 {main}
CRITICAL - 2021-05-05 19:41:22 --> Call to undefined method CodeIgniter\HTTP\Files\UploadedFile::getRandonName()
#0 C:\xampp\htdocs\hello-world\vendor\codeigniter4\framework\system\CodeIgniter.php(936): App\Controllers\TaskController->addTask()
#1 C:\xampp\htdocs\hello-world\vendor\codeigniter4\framework\system\CodeIgniter.php(432): CodeIgniter\CodeIgniter->runController(Object(App\Controllers\TaskController))
#2 C:\xampp\htdocs\hello-world\vendor\codeigniter4\framework\system\CodeIgniter.php(333): CodeIgniter\CodeIgniter->handleRequest(NULL, Object(Config\Cache), false)
#3 C:\xampp\htdocs\hello-world\public\index.php(44): CodeIgniter\CodeIgniter->run()
#4 {main}
CRITICAL - 2021-05-05 19:42:37 --> Call to undefined method CodeIgniter\HTTP\Files\UploadedFile::getRandonName()
#0 C:\xampp\htdocs\hello-world\vendor\codeigniter4\framework\system\CodeIgniter.php(936): App\Controllers\TaskController->addTask()
#1 C:\xampp\htdocs\hello-world\vendor\codeigniter4\framework\system\CodeIgniter.php(432): CodeIgniter\CodeIgniter->runController(Object(App\Controllers\TaskController))
#2 C:\xampp\htdocs\hello-world\vendor\codeigniter4\framework\system\CodeIgniter.php(333): CodeIgniter\CodeIgniter->handleRequest(NULL, Object(Config\Cache), false)
#3 C:\xampp\htdocs\hello-world\public\index.php(44): CodeIgniter\CodeIgniter->run()
#4 {main}
CRITICAL - 2021-05-05 19:44:37 --> Call to undefined method CodeIgniter\HTTP\Files\UploadedFile::getRandonName()
#0 C:\xampp\htdocs\hello-world\vendor\codeigniter4\framework\system\CodeIgniter.php(936): App\Controllers\TaskController->addTask()
#1 C:\xampp\htdocs\hello-world\vendor\codeigniter4\framework\system\CodeIgniter.php(432): CodeIgniter\CodeIgniter->runController(Object(App\Controllers\TaskController))
#2 C:\xampp\htdocs\hello-world\vendor\codeigniter4\framework\system\CodeIgniter.php(333): CodeIgniter\CodeIgniter->handleRequest(NULL, Object(Config\Cache), false)
#3 C:\xampp\htdocs\hello-world\public\index.php(44): CodeIgniter\CodeIgniter->run()
#4 {main}
CRITICAL - 2021-05-05 19:44:44 --> Call to undefined method CodeIgniter\HTTP\Files\UploadedFile::getRandonName()
#0 C:\xampp\htdocs\hello-world\vendor\codeigniter4\framework\system\CodeIgniter.php(936): App\Controllers\TaskController->addTask()
#1 C:\xampp\htdocs\hello-world\vendor\codeigniter4\framework\system\CodeIgniter.php(432): CodeIgniter\CodeIgniter->runController(Object(App\Controllers\TaskController))
#2 C:\xampp\htdocs\hello-world\vendor\codeigniter4\framework\system\CodeIgniter.php(333): CodeIgniter\CodeIgniter->handleRequest(NULL, Object(Config\Cache), false)
#3 C:\xampp\htdocs\hello-world\public\index.php(44): CodeIgniter\CodeIgniter->run()
#4 {main}
CRITICAL - 2021-05-05 19:47:53 --> Call to undefined method CodeIgniter\HTTP\Files\UploadedFile::getRandonName()
#0 C:\xampp\htdocs\hello-world\vendor\codeigniter4\framework\system\CodeIgniter.php(936): App\Controllers\TaskController->addTask()
#1 C:\xampp\htdocs\hello-world\vendor\codeigniter4\framework\system\CodeIgniter.php(432): CodeIgniter\CodeIgniter->runController(Object(App\Controllers\TaskController))
#2 C:\xampp\htdocs\hello-world\vendor\codeigniter4\framework\system\CodeIgniter.php(333): CodeIgniter\CodeIgniter->handleRequest(NULL, Object(Config\Cache), false)
#3 C:\xampp\htdocs\hello-world\public\index.php(44): CodeIgniter\CodeIgniter->run()
#4 {main}
CRITICAL - 2021-05-05 19:47:56 --> Call to undefined method CodeIgniter\HTTP\Files\UploadedFile::getRandonName()
#0 C:\xampp\htdocs\hello-world\vendor\codeigniter4\framework\system\CodeIgniter.php(936): App\Controllers\TaskController->addTask()
#1 C:\xampp\htdocs\hello-world\vendor\codeigniter4\framework\system\CodeIgniter.php(432): CodeIgniter\CodeIgniter->runController(Object(App\Controllers\TaskController))
#2 C:\xampp\htdocs\hello-world\vendor\codeigniter4\framework\system\CodeIgniter.php(333): CodeIgniter\CodeIgniter->handleRequest(NULL, Object(Config\Cache), false)
#3 C:\xampp\htdocs\hello-world\public\index.php(44): CodeIgniter\CodeIgniter->run()
#4 {main}
